[2020-09-23 10:46:06] [INFO] 进入产测成功
[2020-09-23 10:46:08] [INFO] 获取SN：FF2060013C20
[2020-09-23 10:46:09] [INFO] 读国网ID：111111111111111222222111111111111111113333333333
[2020-09-23 10:46:10] [INFO] 退出产测模式 进入抄表流程
[2020-09-23 10:46:11] [INFO] 进入抄表模式 start
[2020-09-23 10:46:20] [INFO] 抄表数据对比成功 PASS
[2020-09-23 10:46:21] [INFO] 掉电 end
[2020-09-23 10:48:39] [INFO] 进入产测成功
[2020-09-23 10:48:41] [INFO] 获取SN：FF2060013C20
[2020-09-23 10:48:42] [INFO] 读国网ID：111111111111111222222111111111111111113333333333
[2020-09-23 10:48:42] [INFO] 国网ID不写入
[2020-09-23 10:48:42] [INFO] 模块ID不写入
[2020-09-23 10:48:43] [INFO] 扫码配对完成
[2020-09-23 10:48:43] [INFO] 扫码配对完成 退出产测模式
[2020-09-23 10:48:44] [INFO] 进入抄表模式 start
[2020-09-23 10:48:44] [INFO] 进入抄表模式
[2020-09-23 10:48:53] [INFO] 抄表数据对比成功 PASS
[2020-09-23 10:48:53] [INFO] pass
[2020-09-23 10:48:53] [INFO] pass完成
[2020-09-23 10:48:55] [INFO] 掉电 end
