[2020-09-23 14:18:34] [INFO] 进入产测成功
[2020-09-23 14:18:36] [INFO] 获取SN：FF2060013C20
[2020-09-23 14:18:37] [INFO] 读国网ID：111111111111111222222111111111111111113333333333
[2020-09-23 14:18:38] [INFO] 国网ID不写入
[2020-09-23 14:18:38] [INFO] 模块ID不写入
[2020-09-23 14:18:39] [INFO] 扫码配对完成
[2020-09-23 14:18:39] [INFO] 退出产测模式
[2020-09-23 14:18:40] [INFO] 进入抄表模式
[2020-09-23 14:18:49] [INFO] 抄表数据对比成功 PASS
[2020-09-23 14:18:49] [INFO] pass
[2020-09-23 14:18:49] [INFO] pass完成
[2020-09-23 14:18:50] [INFO] 掉电 end
[2020-09-23 14:18:53] [INFO] 进入产测成功
[2020-09-23 14:18:55] [INFO] 获取SN：FF2060013C20
[2020-09-23 14:18:56] [INFO] 读国网ID：111111111111111222222111111111111111113333333333
[2020-09-23 14:18:56] [INFO] 国网ID不写入
[2020-09-23 14:18:56] [INFO] 模块ID不写入
[2020-09-23 14:18:57] [INFO] 扫码配对完成
[2020-09-23 14:18:57] [INFO] 退出产测模式
[2020-09-23 14:18:58] [INFO] 进入抄表模式
