[2020-09-23 15:57:54] [ERROR] 串口打开错误：could not open port 'COM62': FileNotFoundError(2, '系统找不到指定的文件。', None, 2)LINE:10
[2020-09-23 15:57:54] [ERROR] 串口打开错误：could not open port 'COM62': FileNotFoundError(2, '系统找不到指定的文件。', None, 2)
[2020-09-23 15:57:54] [ERROR] 串口打开错误：could not open port 'COM63': FileNotFoundError(2, '系统找不到指定的文件。', None, 2)LINE:10
[2020-09-23 15:57:54] [ERROR] 串口打开错误：could not open port 'COM63': FileNotFoundError(2, '系统找不到指定的文件。', None, 2)
[2020-09-23 15:57:54] [ERROR] 串口打开错误：could not open port 'COM64': FileNotFoundError(2, '系统找不到指定的文件。', None, 2)LINE:10
[2020-09-23 15:57:54] [ERROR] 串口打开错误：could not open port 'COM64': FileNotFoundError(2, '系统找不到指定的文件。', None, 2)
[2020-09-23 15:57:54] [ERROR] 串口打开错误：could not open port 'COM66': FileNotFoundError(2, '系统找不到指定的文件。', None, 2)LINE:10
[2020-09-23 15:57:54] [ERROR] 串口打开错误：could not open port 'COM66': FileNotFoundError(2, '系统找不到指定的文件。', None, 2)
[2020-09-23 15:57:55] [ERROR] 串口打开错误：could not open port 'COM67': FileNotFoundError(2, '系统找不到指定的文件。', None, 2)LINE:10
[2020-09-23 15:57:55] [ERROR] 串口打开错误：could not open port 'COM67': FileNotFoundError(2, '系统找不到指定的文件。', None, 2)
[2020-09-23 15:57:55] [ERROR] 串口打开错误：could not open port 'COM68': FileNotFoundError(2, '系统找不到指定的文件。', None, 2)LINE:10
[2020-09-23 15:57:55] [ERROR] 串口打开错误：could not open port 'COM68': FileNotFoundError(2, '系统找不到指定的文件。', None, 2)
[2020-09-23 15:57:56] [INFO] 进入产测成功
[2020-09-23 15:57:59] [INFO] 获取SN：FF2060013C20
[2020-09-23 15:58:00] [INFO] 读国网ID：111111111111111222222111111111111111113333333333
[2020-09-23 15:58:01] [INFO] 国网ID不写入
[2020-09-23 15:58:01] [INFO] 模块ID不写入
[2020-09-23 15:58:02] [INFO] 扫码配对完成
[2020-09-23 15:58:02] [INFO] 退出产测模式
[2020-09-23 15:58:03] [INFO] 进入抄表模式
[2020-09-23 15:58:13] [INFO] 抄表数据对比成功 PASS
[2020-09-23 15:58:13] [INFO] pass
[2020-09-23 15:58:13] [INFO] pass完成
[2020-09-23 15:58:14] [INFO] 掉电 end
