[2020-09-23 15:15:51] [ERROR] 串口打开错误：could not open port 'COM62': FileNotFoundError(2, '系统找不到指定的文件。', None, 2)LINE:10
[2020-09-23 15:15:51] [ERROR] 串口打开错误：could not open port 'COM62': FileNotFoundError(2, '系统找不到指定的文件。', None, 2)LINE:10
[2020-09-23 15:15:51] [ERROR] 串口打开错误：could not open port 'COM62': FileNotFoundError(2, '系统找不到指定的文件。', None, 2)
[2020-09-23 15:15:51] [ERROR] 串口打开错误：could not open port 'COM62': FileNotFoundError(2, '系统找不到指定的文件。', None, 2)
[2020-09-23 15:15:54] [INFO] 进入产测成功
[2020-09-23 15:15:54] [INFO] 进入产测成功
[2020-09-23 15:15:56] [INFO] 获取SN：FF2060013C20
[2020-09-23 15:15:56] [INFO] 获取SN：FF2060013C20
[2020-09-23 15:15:57] [INFO] 读国网ID：111111111111111222222111111111111111113333333333
[2020-09-23 15:15:57] [INFO] 读国网ID：111111111111111222222111111111111111113333333333
[2020-09-23 15:15:57] [INFO] 国网ID不写入
[2020-09-23 15:15:57] [INFO] 国网ID不写入
[2020-09-23 15:15:57] [INFO] 模块ID不写入
[2020-09-23 15:15:57] [INFO] 模块ID不写入
[2020-09-23 15:15:58] [INFO] 扫码配对完成
[2020-09-23 15:15:58] [INFO] 扫码配对完成
[2020-09-23 15:15:58] [INFO] 退出产测模式
[2020-09-23 15:15:58] [INFO] 退出产测模式
[2020-09-23 15:15:59] [INFO] 进入抄表模式
[2020-09-23 15:15:59] [INFO] 进入抄表模式
[2020-09-23 15:16:09] [INFO] 抄表数据对比成功 PASS
[2020-09-23 15:16:09] [INFO] 抄表数据对比成功 PASS
[2020-09-23 15:16:09] [INFO] pass
[2020-09-23 15:16:09] [INFO] pass
[2020-09-23 15:16:09] [INFO] pass完成
[2020-09-23 15:16:09] [INFO] pass完成
[2020-09-23 15:16:10] [INFO] 掉电 end
[2020-09-23 15:16:10] [INFO] 掉电 end
